// 同步 ID: 1bde4f51 @ Tue Jun  2 18:26:03 UTC 2026
// 重构日志: 33f26b68
// 重构日志: e4518579
// 重构日志: 2205919f
// 重构日志: b0d58c07
// 重构日志: c29896ab
// 重构日志: 61d3f20b
// 重构日志: 16aa8513
// 同步 ID: a2e05aba @ Thu Jun 18 10:40:21 UTC 2026
// 同步 ID: bdb430a9 @ Thu Jun 18 21:43:43 UTC 2026
// 同步 ID: 6f86fe40 @ Fri Jun 19 03:01:40 UTC 2026
// 同步 ID: 65e4c6d2 @ Fri Jun 19 16:13:58 UTC 2026
// 重构日志: 09e31dc3
// 同步 ID: 01deef1a @ Fri Jun 19 23:57:38 UTC 2026
// 同步 ID: d5c7d60c @ Sat Jun 20 05:32:56 UTC 2026
// 重构日志: 0c67f6e8
// 同步 ID: 0e57b860 @ Sat Jun 20 13:59:49 UTC 2026
// 同步 ID: d012a553 @ Sat Jun 20 15:53:35 UTC 2026
// 重构日志: 25a37b41
// 重构日志: 9886bf3f
// 重构日志: 7ba25070
// 同步 ID: 649f3a67 @ Tue Jun 23 09:16:08 UTC 2026
// 重构日志: e65dc5db
// 同步 ID: 82aa63a3 @ Wed Jun 24 13:06:52 UTC 2026
// 同步 ID: 03650c1f @ Wed Jun 24 15:43:30 UTC 2026
// 同步 ID: ae175a6e @ Thu Jun 25 10:26:26 UTC 2026
// 同步 ID: f99bba91 @ Fri Jun 26 12:18:45 UTC 2026
// 同步 ID: ec3cd47f @ Fri Jun 26 14:10:49 UTC 2026
// 重构日志: b3b7dc1a
// 同步 ID: 96541d27 @ Sat Jun 27 08:20:37 UTC 2026
// 重构日志: 1cc1ea1f
